{"txn_id": "159d8ed5-fb80-4078-a489-75f5ab4b6e85", "action": "prepare", "type": "credit", "status": "ready"}
{"txn_id": "159d8ed5-fb80-4078-a489-75f5ab4b6e85", "action": "commit", "status": "committed"}
{"txn_id": "5f9f98af-dc73-4777-b462-8ad9f43f3f30", "action": "prepare", "type": "credit", "status": "ready"}
{"txn_id": "5f9f98af-dc73-4777-b462-8ad9f43f3f30", "action": "rollback", "status": "rolled_back"}
{"txn_id": "4049dbc3-67ed-4608-9301-a403f3ca803c", "action": "rollback", "status": "rolled_back"}
{"txn_id": "4497ab46-232f-4091-93a0-0bc4abdff18f", "action": "prepare", "type": "credit", "status": "ready"}
{"txn_id": "0d7e42b6-5082-4abb-a2b6-7b123cc5d4e3", "action": "rollback", "status": "rolled_back"}
{"txn_id": "4497ab46-232f-4091-93a0-0bc4abdff18f", "action": "rollback", "status": "rolled_back"}
{"txn_id": "622e3ecf-1adb-4e45-a89e-3c1a7fe53e48", "action": "rollback", "status": "rolled_back"}
{"txn_id": "bdb9a55e-752d-4b07-aa70-99bf529025a5", "action": "rollback", "status": "rolled_back"}
{"txn_id": "d2a9e510-63ae-4bf5-90d5-1aebbd685547", "action": "rollback", "status": "rolled_back"}
{"txn_id": "7acf5715-0f68-48d4-8e4c-96c1c91308ef", "action": "prepare", "type": "credit", "status": "ready"}
{"txn_id": "7acf5715-0f68-48d4-8e4c-96c1c91308ef", "action": "commit", "status": "committed"}
{"txn_id": "ac8b4ae6-b041-4554-a18b-c21d22e4090e", "action": "prepare", "type": "credit", "status": "ready"}
{"txn_id": "ac8b4ae6-b041-4554-a18b-c21d22e4090e", "action": "rollback", "status": "rolled_back"}
{"txn_id": "463345f6-047b-4e5f-a101-e6c9d2e5cbbf", "action": "rollback", "status": "rolled_back"}
{"txn_id": "8f8d6243-9fdc-48a3-82c7-e0591092d6ba", "action": "prepare", "type": "credit", "status": "ready"}
{"txn_id": "8f8d6243-9fdc-48a3-82c7-e0591092d6ba", "action": "commit", "status": "committed"}
{"txn_id": "f8eefffe-6637-4756-ae17-ecd149e860b4", "action": "prepare", "type": "credit", "status": "ready"}
{"txn_id": "d7c1ae05-18bd-4b16-8cb4-889b6775d28a", "action": "prepare", "type": "credit", "status": "ready"}
{"txn_id": "f183aa62-4919-4ca7-add6-661d5d2251f5", "action": "prepare", "type": "credit", "status": "ready"}
{"txn_id": "f8eefffe-6637-4756-ae17-ecd149e860b4", "action": "commit", "status": "committed"}
{"txn_id": "d7c1ae05-18bd-4b16-8cb4-889b6775d28a", "action": "commit", "status": "committed"}
{"txn_id": "f183aa62-4919-4ca7-add6-661d5d2251f5", "action": "commit", "status": "committed"}
{"txn_id": "4266c2c4-478d-483d-8f42-0f1dca66e401", "action": "prepare", "type": "credit", "status": "ready"}
{"txn_id": "4266c2c4-478d-483d-8f42-0f1dca66e401", "action": "commit", "status": "committed"}
{"txn_id": "a9907b7c-e9da-4206-949b-34436d63cf74", "action": "prepare", "type": "credit", "status": "ready"}
{"txn_id": "a9907b7c-e9da-4206-949b-34436d63cf74", "action": "rollback", "status": "rolled_back"}
{"txn_id": "3412405a-bd6f-4515-a41e-c07c104b6695", "action": "rollback", "status": "rolled_back"}
{"txn_id": "f92d3fa7-b3b1-494b-b7db-0a211cd6de59", "action": "prepare", "type": "credit", "status": "ready"}
{"txn_id": "f92d3fa7-b3b1-494b-b7db-0a211cd6de59", "action": "rollback", "status": "rolled_back"}
{"txn_id": "625f1385-74a9-4325-a221-59346345e1c9", "action": "prepare", "type": "credit", "status": "ready"}
{"txn_id": "480f3def-d7d0-4cad-922e-559dde341f8a", "action": "prepare", "type": "credit", "status": "ready"}
{"txn_id": "fb7dfa13-995b-4d67-b3bf-bea393e44dc1", "action": "prepare", "type": "credit", "status": "ready"}
{"txn_id": "625f1385-74a9-4325-a221-59346345e1c9", "action": "commit", "status": "committed"}
{"txn_id": "480f3def-d7d0-4cad-922e-559dde341f8a", "action": "commit", "status": "committed"}
{"txn_id": "fb7dfa13-995b-4d67-b3bf-bea393e44dc1", "action": "commit", "status": "committed"}
{"txn_id": "bfb2b862-50e6-4cd5-8192-593c5b7e4282", "action": "prepare", "type": "credit", "status": "ready"}
{"txn_id": "bfb2b862-50e6-4cd5-8192-593c5b7e4282", "action": "commit", "status": "committed"}
{"txn_id": "9973dd9e-39b9-4123-bacc-0403044a4c2e", "action": "prepare", "type": "credit", "status": "ready"}
{"txn_id": "9973dd9e-39b9-4123-bacc-0403044a4c2e", "action": "rollback", "status": "rolled_back"}
{"txn_id": "b537d790-a9fe-4429-838f-ca74782995a9", "action": "prepare", "type": "credit", "status": "ready"}
{"txn_id": "b537d790-a9fe-4429-838f-ca74782995a9", "action": "commit", "status": "committed"}
{"txn_id": "7c616037-acd5-477f-8d3b-36e6514b4174", "action": "prepare", "type": "debit", "status": "ready"}
{"txn_id": "7c616037-acd5-477f-8d3b-36e6514b4174", "action": "commit", "status": "committed"}
{"txn_id": "e04a8bf3-afb5-4d07-98ae-7522f52f40a2", "action": "prepare", "type": "credit", "status": "ready"}
{"txn_id": "e04a8bf3-afb5-4d07-98ae-7522f52f40a2", "action": "commit", "status": "committed"}
{"txn_id": "b07f71cb-b394-4ccf-ac25-f3a271ee916c", "action": "prepare", "type": "credit", "status": "ready"}
{"txn_id": "b07f71cb-b394-4ccf-ac25-f3a271ee916c", "action": "commit", "status": "committed"}
{"txn_id": "806ad02d-8954-44ab-9b32-b95fe0d8b678", "action": "rollback", "status": "rolled_back"}
{"txn_id": "9c2faaba-4ff5-4ee2-be45-6b7c72076da5", "action": "prepare", "type": "credit", "status": "ready"}
{"txn_id": "9c2faaba-4ff5-4ee2-be45-6b7c72076da5", "action": "commit", "status": "committed"}
{"txn_id": "db80daa3-a9c6-4b47-a4fe-b5701ba59f5a", "action": "prepare", "type": "credit", "status": "ready"}
{"txn_id": "db80daa3-a9c6-4b47-a4fe-b5701ba59f5a", "action": "rollback", "status": "rolled_back"}
{"txn_id": "c8f28c23-8f24-4fde-b08e-ca964fc6ccc2", "action": "prepare", "type": "credit", "status": "ready"}
{"txn_id": "c8f28c23-8f24-4fde-b08e-ca964fc6ccc2", "action": "rollback", "status": "rolled_back"}
{"txn_id": "d91b16ae-babf-4911-980e-b2dcaad8cbe5", "action": "prepare", "type": "credit", "status": "ready"}
{"txn_id": "d91b16ae-babf-4911-980e-b2dcaad8cbe5", "action": "rollback", "status": "rolled_back"}
{"txn_id": "ef25e8f8-c174-46e8-8d40-9c2fb427dbd7", "action": "prepare", "type": "credit", "status": "ready"}
{"txn_id": "ef25e8f8-c174-46e8-8d40-9c2fb427dbd7", "action": "rollback", "status": "rolled_back"}
{"txn_id": "ef25e8f8-c174-46e8-8d40-9c2fb427dbd7", "action": "rollback", "status": "rolled_back"}
{"txn_id": "2fcf76ae-b697-4667-bc0c-61826cef6ffa", "action": "prepare", "type": "debit", "status": "ready"}
{"txn_id": "2fcf76ae-b697-4667-bc0c-61826cef6ffa", "action": "rollback", "status": "rolled_back"}
{"txn_id": "082c5d84-21f8-4cfe-9fe2-4e6023737098", "action": "prepare", "type": "credit", "status": "ready"}
{"txn_id": "082c5d84-21f8-4cfe-9fe2-4e6023737098", "action": "rollback", "status": "rolled_back"}
{"txn_id": "bfc3fe81-cc14-4fd3-aa8e-1a398b43b663", "action": "prepare", "type": "credit", "status": "ready"}
{"txn_id": "bfc3fe81-cc14-4fd3-aa8e-1a398b43b663", "action": "rollback", "status": "rolled_back"}
{"txn_id": "bfc3fe81-cc14-4fd3-aa8e-1a398b43b663", "action": "rollback", "status": "rolled_back"}
{"txn_id": "54de02ea-b483-4ced-b9cf-0541230a6355", "action": "prepare", "type": "credit", "status": "ready"}
{"txn_id": "54de02ea-b483-4ced-b9cf-0541230a6355", "action": "commit", "status": "committed"}
{"txn_id": "a56591f4-68c1-44ae-8f36-39f6a2393a93", "action": "prepare", "type": "credit", "status": "ready"}
{"txn_id": "a56591f4-68c1-44ae-8f36-39f6a2393a93", "action": "rollback", "status": "rolled_back"}
{"txn_id": "91524403-8605-407d-b69c-68487637d711", "action": "prepare", "type": "debit", "status": "ready"}
{"txn_id": "91524403-8605-407d-b69c-68487637d711", "action": "commit", "status": "committed"}
{"txn_id": "67954801-7ff4-4fd4-9b5b-6a8f27e12c44", "action": "prepare", "type": "credit", "status": "ready"}
{"txn_id": "67954801-7ff4-4fd4-9b5b-6a8f27e12c44", "action": "commit", "status": "committed"}
{"txn_id": "19eb3189-42fe-464c-b7c4-49dc1ed075da", "action": "prepare", "type": "debit", "status": "ready"}
{"txn_id": "19eb3189-42fe-464c-b7c4-49dc1ed075da", "action": "commit", "status": "committed"}
{"txn_id": "9bfdcce5-149b-4f7c-a084-0a04dcf21d07", "action": "prepare", "type": "debit", "status": "ready"}
{"txn_id": "9bfdcce5-149b-4f7c-a084-0a04dcf21d07", "action": "rollback", "status": "rolled_back"}
{"txn_id": "9bfdcce5-149b-4f7c-a084-0a04dcf21d07", "action": "rollback", "status": "rolled_back"}
{"txn_id": "7e2876a7-f0af-4991-9764-723d77729b97", "action": "prepare", "type": "credit", "status": "ready"}
{"txn_id": "7e2876a7-f0af-4991-9764-723d77729b97", "action": "commit", "status": "committed"}
{"txn_id": "cb933d66-8c14-42cd-b7a7-39bb9fb6abc8", "action": "prepare", "type": "debit", "status": "ready"}
{"txn_id": "cb933d66-8c14-42cd-b7a7-39bb9fb6abc8", "action": "commit", "status": "committed"}
{"txn_id": "3b772433-da62-4575-a20f-c5a54d97eae8", "action": "prepare", "type": "credit", "status": "ready"}
{"txn_id": "3b772433-da62-4575-a20f-c5a54d97eae8", "action": "rollback", "status": "rolled_back"}
