{"txn_id": "test123", "action": "start", "timestamp": 1772749031.8283203}
{"txn_id": "f09e46d9-01b1-4825-bc54-0e7571315a06", "action": "start", "amount": 50, "timestamp": 1772749158.9254384}
{"txn_id": "f09e46d9-01b1-4825-bc54-0e7571315a06", "action": "prepared", "bank": "A", "detail": {"status": "ready"}}
{"txn_id": "f09e46d9-01b1-4825-bc54-0e7571315a06", "action": "prepared", "bank": "B", "detail": {"status": "ready"}}
{"txn_id": "c9a73661-e7da-4034-aac8-ef8f6e74af60", "action": "start", "amount": 50, "timestamp": 1772749203.6128385}
{"txn_id": "c9a73661-e7da-4034-aac8-ef8f6e74af60", "action": "prepared", "bank": "A", "detail": {"status": "ready"}}
{"txn_id": "c9a73661-e7da-4034-aac8-ef8f6e74af60", "action": "prepared", "bank": "B", "detail": {"status": "ready"}}
{"txn_id": "c9a73661-e7da-4034-aac8-ef8f6e74af60", "state": "GLOBAL_COMMIT"}
{"txn_id": "c9a73661-e7da-4034-aac8-ef8f6e74af60", "action": "recovery_commit_sent"}
{"txn_id": "500c579c-9b2b-411c-9969-3304bc965e2f", "action": "start", "amount": 50, "timestamp": 1772749266.6460059}
{"txn_id": "500c579c-9b2b-411c-9969-3304bc965e2f", "action": "prepared", "bank": "A", "detail": {"status": "ready"}}
{"txn_id": "500c579c-9b2b-411c-9969-3304bc965e2f", "action": "prepared", "bank": "B", "detail": {"status": "ready"}}
{"txn_id": "c9a73661-e7da-4034-aac8-ef8f6e74af60", "action": "recovery_commit_sent"}
{"txn_id": "c9a73661-e7da-4034-aac8-ef8f6e74af60", "action": "recovery_commit_sent"}
{"txn_id": "f09e46d9-01b1-4825-bc54-0e7571315a06", "state": "GLOBAL_ABORT", "reason": "recovery_safe_abort"}
{"txn_id": "f09e46d9-01b1-4825-bc54-0e7571315a06", "action": "recovery_rollback_failed", "error": "HTTPConnectionPool(host='localhost', port=5001): Max retries exceeded with url: /rollback (Caused by NewConnectionError('<urllib3.connection.HTTPConnection object at 0x7e44fc1f41a0>: Failed to establish a new connection: [Errno 111] Connection refused'))"}
{"txn_id": "c9a73661-e7da-4034-aac8-ef8f6e74af60", "action": "recovery_commit_failed", "error": "HTTPConnectionPool(host='localhost', port=5001): Max retries exceeded with url: /commit (Caused by NewConnectionError('<urllib3.connection.HTTPConnection object at 0x7e44fc1e4f50>: Failed to establish a new connection: [Errno 111] Connection refused'))"}
{"txn_id": "500c579c-9b2b-411c-9969-3304bc965e2f", "state": "GLOBAL_ABORT", "reason": "recovery_safe_abort"}
{"txn_id": "500c579c-9b2b-411c-9969-3304bc965e2f", "action": "recovery_rollback_failed", "error": "HTTPConnectionPool(host='localhost', port=5001): Max retries exceeded with url: /rollback (Caused by NewConnectionError('<urllib3.connection.HTTPConnection object at 0x7e44fc1e5810>: Failed to establish a new connection: [Errno 111] Connection refused'))"}
{"txn_id": "f09e46d9-01b1-4825-bc54-0e7571315a06", "action": "recovery_rollback_failed", "error": "HTTPConnectionPool(host='localhost', port=5001): Max retries exceeded with url: /rollback (Caused by NewConnectionError('<urllib3.connection.HTTPConnection object at 0x77bd90ca41a0>: Failed to establish a new connection: [Errno 111] Connection refused'))"}
{"txn_id": "c9a73661-e7da-4034-aac8-ef8f6e74af60", "action": "recovery_commit_failed", "error": "HTTPConnectionPool(host='localhost', port=5001): Max retries exceeded with url: /commit (Caused by NewConnectionError('<urllib3.connection.HTTPConnection object at 0x77bd90c94f50>: Failed to establish a new connection: [Errno 111] Connection refused'))"}
{"txn_id": "500c579c-9b2b-411c-9969-3304bc965e2f", "action": "recovery_rollback_failed", "error": "HTTPConnectionPool(host='localhost', port=5001): Max retries exceeded with url: /rollback (Caused by NewConnectionError('<urllib3.connection.HTTPConnection object at 0x77bd90c95810>: Failed to establish a new connection: [Errno 111] Connection refused'))"}
{"txn_id": "f09e46d9-01b1-4825-bc54-0e7571315a06", "action": "recovery_rollback_failed", "error": "HTTPConnectionPool(host='localhost', port=5001): Max retries exceeded with url: /rollback (Caused by NewConnectionError('<urllib3.connection.HTTPConnection object at 0x7e44fc20b6f0>: Failed to establish a new connection: [Errno 111] Connection refused'))"}
{"txn_id": "c9a73661-e7da-4034-aac8-ef8f6e74af60", "action": "recovery_commit_failed", "error": "HTTPConnectionPool(host='localhost', port=5001): Max retries exceeded with url: /commit (Caused by NewConnectionError('<urllib3.connection.HTTPConnection object at 0x7e44fc20be10>: Failed to establish a new connection: [Errno 111] Connection refused'))"}
{"txn_id": "500c579c-9b2b-411c-9969-3304bc965e2f", "action": "recovery_rollback_failed", "error": "HTTPConnectionPool(host='localhost', port=5001): Max retries exceeded with url: /rollback (Caused by NewConnectionError('<urllib3.connection.HTTPConnection object at 0x7e44fc073bf0>: Failed to establish a new connection: [Errno 111] Connection refused'))"}
{"txn_id": "f09e46d9-01b1-4825-bc54-0e7571315a06", "action": "recovery_rollback_sent"}
{"txn_id": "c9a73661-e7da-4034-aac8-ef8f6e74af60", "action": "recovery_commit_sent"}
{"txn_id": "500c579c-9b2b-411c-9969-3304bc965e2f", "action": "recovery_rollback_sent"}
{"txn_id": "f09e46d9-01b1-4825-bc54-0e7571315a06", "action": "recovery_rollback_sent"}
{"txn_id": "c9a73661-e7da-4034-aac8-ef8f6e74af60", "action": "recovery_commit_sent"}
{"txn_id": "500c579c-9b2b-411c-9969-3304bc965e2f", "action": "recovery_rollback_sent"}
{"txn_id": "2caf508c-619e-45dc-8e0a-7d906b5683a5", "action": "start", "amount": 1, "timestamp": 1772750033.5975573}
{"txn_id": "2caf508c-619e-45dc-8e0a-7d906b5683a5", "action": "prepared", "bank": "A", "detail": {"status": "ready"}}
{"txn_id": "2caf508c-619e-45dc-8e0a-7d906b5683a5", "action": "prepared", "bank": "B", "detail": {"status": "ready"}}
{"txn_id": "f09e46d9-01b1-4825-bc54-0e7571315a06", "action": "recovery_rollback_sent"}
{"txn_id": "c9a73661-e7da-4034-aac8-ef8f6e74af60", "action": "recovery_commit_sent"}
{"txn_id": "500c579c-9b2b-411c-9969-3304bc965e2f", "action": "recovery_rollback_sent"}
{"txn_id": "2caf508c-619e-45dc-8e0a-7d906b5683a5", "state": "GLOBAL_ABORT", "reason": "recovery_safe_abort"}
{"txn_id": "2caf508c-619e-45dc-8e0a-7d906b5683a5", "action": "recovery_rollback_sent"}
{"txn_id": "f09e46d9-01b1-4825-bc54-0e7571315a06", "action": "recovery_rollback_sent"}
{"txn_id": "c9a73661-e7da-4034-aac8-ef8f6e74af60", "action": "recovery_commit_sent"}
{"txn_id": "500c579c-9b2b-411c-9969-3304bc965e2f", "action": "recovery_rollback_sent"}
{"txn_id": "2caf508c-619e-45dc-8e0a-7d906b5683a5", "action": "recovery_rollback_sent"}
{"txn_id": "f09e46d9-01b1-4825-bc54-0e7571315a06", "action": "recovery_rollback_sent"}
{"txn_id": "c9a73661-e7da-4034-aac8-ef8f6e74af60", "action": "recovery_commit_sent"}
{"txn_id": "500c579c-9b2b-411c-9969-3304bc965e2f", "action": "recovery_rollback_sent"}
{"txn_id": "2caf508c-619e-45dc-8e0a-7d906b5683a5", "action": "recovery_rol1back_sent"}
{"txn_id": "f09e46d9-01b1-4825-bc54-0e7571315a06", "action": "recovery_rollback_sent"}
{"txn_id": "c9a73661-e7da-4034-aac8-ef8f6e74af60", "action": "recovery_commit_sent"}
{"txn_id": "500c579c-9b2b-411c-9969-3304bc965e2f", "action": "recovery_rollback_sent"}
{"txn_id": "2caf508c-619e-45dc-8e0a-7d906b5683a5", "action": "recovery_rollback_sent"}
{"txn_id": "f09e46d9-01b1-4825-bc54-0e7571315a06", "action": "recovery_rollback_sent"}
{"txn_id": "c9a73661-e7da-4034-aac8-ef8f6e74af60", "action": "recovery_commit_sent"}
{"txn_id": "500c579c-9b2b-411c-9969-3304bc965e2f", "action": "recovery_rollback_sent"}
{"txn_id": "2caf508c-619e-45dc-8e0a-7d906b5683a5", "action": "recovery_rollback_sent"}
{"txn_id": "346d20ff-7afc-49e7-aaa7-0121e8062693", "action": "start", "amount": 1, "timestamp": 1772750256.4400494}
{"txn_id": "346d20ff-7afc-49e7-aaa7-0121e8062693", "action": "prepared", "bank": "A", "detail": {"status": "ready"}}
{"txn_id": "346d20ff-7afc-49e7-aaa7-0121e8062693", "action": "prepared", "bank": "B", "detail": {"status": "ready"}}
{"txn_id": "f09e46d9-01b1-4825-bc54-0e7571315a06", "action": "recovery_rollback_sent"}
{"txn_id": "c9a73661-e7da-4034-aac8-ef8f6e74af60", "action": "recovery_commit_sent"}
{"txn_id": "500c579c-9b2b-411c-9969-3304bc965e2f", "action": "recovery_rollback_sent"}
{"txn_id": "2caf508c-619e-45dc-8e0a-7d906b5683a5", "action": "recovery_rollback_sent"}
{"txn_id": "346d20ff-7afc-49e7-aaa7-0121e8062693", "state": "GLOBAL_ABORT", "reason": "recovery_safe_abort"}
{"txn_id": "346d20ff-7afc-49e7-aaa7-0121e8062693", "action": "recovery_rollback_sent"}
{"txn_id": "f09e46d9-01b1-4825-bc54-0e7571315a06", "action": "recovery_rollback_sent"}
{"txn_id": "c9a73661-e7da-4034-aac8-ef8f6e74af60", "action": "recovery_commit_sent"}
{"txn_id": "500c579c-9b2b-411c-9969-3304bc965e2f", "action": "recovery_rollback_sent"}
{"txn_id": "2caf508c-619e-45dc-8e0a-7d906b5683a5", "action": "recovery_rollback_sent"}
{"txn_id": "346d20ff-7afc-49e7-aaa7-0121e8062693", "action": "recovery_rollback_sent"}
{"txn_id": "f09e46d9-01b1-4825-bc54-0e7571315a06", "action": "recovery_rollback_sent"}
{"txn_id": "c9a73661-e7da-4034-aac8-ef8f6e74af60", "action": "recovery_commit_sent"}
{"txn_id": "500c579c-9b2b-411c-9969-3304bc965e2f", "action": "recovery_rollback_sent"}
{"txn_id": "2caf508c-619e-45dc-8e0a-7d906b5683a5", "action": "recovery_rollback_sent"}
{"txn_id": "346d20ff-7afc-49e7-aaa7-0121e8062693", "action": "recovery_rollback_sent"}
{"txn_id": "f09e46d9-01b1-4825-bc54-0e7571315a06", "action": "recovery_rollback_sent"}
{"txn_id": "c9a73661-e7da-4034-aac8-ef8f6e74af60", "action": "recovery_commit_sent"}
{"txn_id": "500c579c-9b2b-411c-9969-3304bc965e2f", "action": "recovery_rollback_sent"}
{"txn_id": "2caf508c-619e-45dc-8e0a-7d906b5683a5", "action": "recovery_rollback_sent"}
{"txn_id": "346d20ff-7afc-49e7-aaa7-0121e8062693", "action": "recovery_rollback_sent"}
{"txn_id": "f09e46d9-01b1-4825-bc54-0e7571315a06", "action": "recovery_rollback_sent"}
{"txn_id": "c9a73661-e7da-4034-aac8-ef8f6e74af60", "action": "recovery_commit_sent"}
{"txn_id": "500c579c-9b2b-411c-9969-3304bc965e2f", "action": "recovery_rollback_sent"}
{"txn_id": "2caf508c-619e-45dc-8e0a-7d906b5683a5", "action": "recovery_rollback_sent"}
{"txn_id": "346d20ff-7afc-49e7-aaa7-0121e8062693", "action": "recovery_rollback_sent"}
{"txn_id": "f09e46d9-01b1-4825-bc54-0e7571315a06", "action": "recovery_rollback_sent"}
{"txn_id": "c9a73661-e7da-4034-aac8-ef8f6e74af60", "action": "recovery_commit_sent"}
{"txn_id": "500c579c-9b2b-411c-9969-3304bc965e2f", "action": "recovery_rollback_sent"}
{"txn_id": "2caf508c-619e-45dc-8e0a-7d906b5683a5", "action": "recovery_rollback_sent"}
{"txn_id": "346d20ff-7afc-49e7-aaa7-0121e8062693", "action": "recovery_rollback_sent"}
{"txn_id": "f09e46d9-01b1-4825-bc54-0e7571315a06", "action": "recovery_rollback_failed", "error": "HTTPConnectionPool(host='localhost', port=5001): Max retries exceeded with url: /rollback (Caused by NewConnectionError('<urllib3.connection.HTTPConnection object at 0x76a076d901a0>: Failed to establish a new connection: [Errno 111] Connection refused'))"}
{"txn_id": "c9a73661-e7da-4034-aac8-ef8f6e74af60", "action": "recovery_commit_failed", "error": "HTTPConnectionPool(host='localhost', port=5001): Max retries exceeded with url: /commit (Caused by NewConnectionError('<urllib3.connection.HTTPConnection object at 0x76a076d84f50>: Failed to establish a new connection: [Errno 111] Connection refused'))"}
{"txn_id": "500c579c-9b2b-411c-9969-3304bc965e2f", "action": "recovery_rollback_failed", "error": "HTTPConnectionPool(host='localhost', port=5001): Max retries exceeded with url: /rollback (Caused by NewConnectionError('<urllib3.connection.HTTPConnection object at 0x76a076d85810>: Failed to establish a new connection: [Errno 111] Connection refused'))"}
{"txn_id": "2caf508c-619e-45dc-8e0a-7d906b5683a5", "action": "recovery_rollback_failed", "error": "HTTPConnectionPool(host='localhost', port=5001): Max retries exceeded with url: /rollback (Caused by NewConnectionError('<urllib3.connection.HTTPConnection object at 0x76a076d990f0>: Failed to establish a new connection: [Errno 111] Connection refused'))"}
{"txn_id": "346d20ff-7afc-49e7-aaa7-0121e8062693", "action": "recovery_rollback_failed", "error": "HTTPConnectionPool(host='localhost', port=5001): Max retries exceeded with url: /rollback (Caused by NewConnectionError('<urllib3.connection.HTTPConnection object at 0x76a076d99810>: Failed to establish a new connection: [Errno 111] Connection refused'))"}
{"txn_id": "f09e46d9-01b1-4825-bc54-0e7571315a06", "action": "recovery_rollback_failed", "error": "HTTPConnectionPool(host='localhost', port=5001): Max retries exceeded with url: /rollback (Caused by NewConnectionError('<urllib3.connection.HTTPConnection object at 0x76a076c1bad0>: Failed to establish a new connection: [Errno 111] Connection refused'))"}
{"txn_id": "c9a73661-e7da-4034-aac8-ef8f6e74af60", "action": "recovery_commit_failed", "error": "HTTPConnectionPool(host='localhost', port=5001): Max retries exceeded with url: /commit (Caused by NewConnectionError('<urllib3.connection.HTTPConnection object at 0x76a076da2f10>: Failed to establish a new connection: [Errno 111] Connection refused'))"}
{"txn_id": "500c579c-9b2b-411c-9969-3304bc965e2f", "action": "recovery_rollback_failed", "error": "HTTPConnectionPool(host='localhost', port=5001): Max retries exceeded with url: /rollback (Caused by NewConnectionError('<urllib3.connection.HTTPConnection object at 0x76a076da3680>: Failed to establish a new connection: [Errno 111] Connection refused'))"}
{"txn_id": "2caf508c-619e-45dc-8e0a-7d906b5683a5", "action": "recovery_rollback_failed", "error": "HTTPConnectionPool(host='localhost', port=5001): Max retries exceeded with url: /rollback (Caused by NewConnectionError('<urllib3.connection.HTTPConnection object at 0x76a076da38a0>: Failed to establish a new connection: [Errno 111] Connection refused'))"}
{"txn_id": "346d20ff-7afc-49e7-aaa7-0121e8062693", "action": "recovery_rollback_failed", "error": "HTTPConnectionPool(host='localhost', port=5001): Max retries exceeded with url: /rollback (Caused by NewConnectionError('<urllib3.connection.HTTPConnection object at 0x76a076da3ac0>: Failed to establish a new connection: [Errno 111] Connection refused'))"}
{"txn_id": "f09e46d9-01b1-4825-bc54-0e7571315a06", "action": "recovery_rollback_sent"}
{"txn_id": "c9a73661-e7da-4034-aac8-ef8f6e74af60", "action": "recovery_commit_sent"}
{"txn_id": "500c579c-9b2b-411c-9969-3304bc965e2f", "action": "recovery_rollback_sent"}
{"txn_id": "2caf508c-619e-45dc-8e0a-7d906b5683a5", "action": "recovery_rollback_sent"}
{"txn_id": "346d20ff-7afc-49e7-aaa7-0121e8062693", "action": "recovery_rollback_sent"}
{"txn_id": "f09e46d9-01b1-4825-bc54-0e7571315a06", "action": "recovery_rollback_sent"}
{"txn_id": "c9a73661-e7da-4034-aac8-ef8f6e74af60", "action": "recovery_commit_sent"}
{"txn_id": "500c579c-9b2b-411c-9969-3304bc965e2f", "action": "recovery_rollback_sent"}
{"txn_id": "2caf508c-619e-45dc-8e0a-7d906b5683a5", "action": "recovery_rollback_sent"}
{"txn_id": "346d20ff-7afc-49e7-aaa7-0121e8062693", "action": "recovery_rollback_sent"}
{"txn_id": "bf8990b1-4afa-46bb-a0ab-5b8e7e7f302d", "action": "start", "amount": 1, "timestamp": 1772750846.2111073}
{"txn_id": "bf8990b1-4afa-46bb-a0ab-5b8e7e7f302d", "action": "prepared", "bank": "A", "detail": {"status": "ready"}}
{"txn_id": "bf8990b1-4afa-46bb-a0ab-5b8e7e7f302d", "action": "prepared", "bank": "B", "detail": {"status": "ready"}}
{"txn_id": "f09e46d9-01b1-4825-bc54-0e7571315a06", "action": "recovery_rollback_sent"}
{"txn_id": "c9a73661-e7da-4034-aac8-ef8f6e74af60", "action": "recovery_commit_sent"}
{"txn_id": "500c579c-9b2b-411c-9969-3304bc965e2f", "action": "recovery_rollback_sent"}
{"txn_id": "2caf508c-619e-45dc-8e0a-7d906b5683a5", "action": "recovery_rollback_sent"}
{"txn_id": "346d20ff-7afc-49e7-aaa7-0121e8062693", "action": "recovery_rollback_sent"}
{"txn_id": "bf8990b1-4afa-46bb-a0ab-5b8e7e7f302d", "state": "GLOBAL_ABORT", "reason": "recovery_safe_abort"}
{"txn_id": "bf8990b1-4afa-46bb-a0ab-5b8e7e7f302d", "action": "recovery_rollback_sent"}
{"txn_id": "f09e46d9-01b1-4825-bc54-0e7571315a06", "action": "recovery_rollback_sent"}
{"txn_id": "c9a73661-e7da-4034-aac8-ef8f6e74af60", "action": "recovery_commit_sent"}
{"txn_id": "500c579c-9b2b-411c-9969-3304bc965e2f", "action": "recovery_rollback_sent"}
{"txn_id": "2caf508c-619e-45dc-8e0a-7d906b5683a5", "action": "recovery_rollback_sent"}
{"txn_id": "346d20ff-7afc-49e7-aaa7-0121e8062693", "action": "recovery_rollback_sent"}
{"txn_id": "bf8990b1-4afa-46bb-a0ab-5b8e7e7f302d", "action": "recovery_rollback_sent"}
{"txn_id": "f09e46d9-01b1-4825-bc54-0e7571315a06", "action": "recovery_rollback_sent"}
{"txn_id": "c9a73661-e7da-4034-aac8-ef8f6e74af60", "action": "recovery_commit_sent"}
{"txn_id": "500c579c-9b2b-411c-9969-3304bc965e2f", "action": "recovery_rollback_sent"}
{"txn_id": "2caf508c-619e-45dc-8e0a-7d906b5683a5", "action": "recovery_rollback_sent"}
{"txn_id": "346d20ff-7afc-49e7-aaa7-0121e8062693", "action": "recovery_rollback_sent"}
{"txn_id": "bf8990b1-4afa-46bb-a0ab-5b8e7e7f302d", "action": "recovery_rollback_sent"}
{"txn_id": "4e755f08-0d9f-4ba7-b101-f18337a39450", "action": "start", "amount": 1, "timestamp": 1772750943.4406095}
{"txn_id": "4e755f08-0d9f-4ba7-b101-f18337a39450", "action": "prepared", "bank": "A", "detail": {"status": "ready"}}
{"txn_id": "4e755f08-0d9f-4ba7-b101-f18337a39450", "action": "prepared", "bank": "B", "detail": {"status": "ready"}}
{"txn_id": "f09e46d9-01b1-4825-bc54-0e7571315a06", "action": "recovery_rollback_sent"}
{"txn_id": "c9a73661-e7da-4034-aac8-ef8f6e74af60", "action": "recovery_commit_sent"}
{"txn_id": "500c579c-9b2b-411c-9969-3304bc965e2f", "action": "recovery_rollback_sent"}
{"txn_id": "2caf508c-619e-45dc-8e0a-7d906b5683a5", "action": "recovery_rollback_sent"}
{"txn_id": "346d20ff-7afc-49e7-aaa7-0121e8062693", "action": "recovery_rollback_sent"}
{"txn_id": "bf8990b1-4afa-46bb-a0ab-5b8e7e7f302d", "action": "recovery_rollback_sent"}
{"txn_id": "4e755f08-0d9f-4ba7-b101-f18337a39450", "state": "GLOBAL_ABORT", "reason": "recovery_safe_abort"}
{"txn_id": "4e755f08-0d9f-4ba7-b101-f18337a39450", "action": "recovery_rollback_sent"}
{"txn_id": "f09e46d9-01b1-4825-bc54-0e7571315a06", "action": "recovery_rollback_sent"}
{"txn_id": "c9a73661-e7da-4034-aac8-ef8f6e74af60", "action": "recovery_commit_sent"}
{"txn_id": "500c579c-9b2b-411c-9969-3304bc965e2f", "action": "recovery_rollback_sent"}
{"txn_id": "2caf508c-619e-45dc-8e0a-7d906b5683a5", "action": "recovery_rollback_sent"}
{"txn_id": "346d20ff-7afc-49e7-aaa7-0121e8062693", "action": "recovery_rollback_sent"}
{"txn_id": "bf8990b1-4afa-46bb-a0ab-5b8e7e7f302d", "action": "recovery_rollback_sent"}
{"txn_id": "4e755f08-0d9f-4ba7-b101-f18337a39450", "action": "recovery_rollback_sent"}
{"txn_id": "f09e46d9-01b1-4825-bc54-0e7571315a06", "action": "recovery_rollback_sent"}
{"txn_id": "c9a73661-e7da-4034-aac8-ef8f6e74af60", "action": "recovery_commit_sent"}
{"txn_id": "500c579c-9b2b-411c-9969-3304bc965e2f", "action": "recovery_rollback_sent"}
{"txn_id": "2caf508c-619e-45dc-8e0a-7d906b5683a5", "action": "recovery_rollback_sent"}
{"txn_id": "346d20ff-7afc-49e7-aaa7-0121e8062693", "action": "recovery_rollback_sent"}
{"txn_id": "bf8990b1-4afa-46bb-a0ab-5b8e7e7f302d", "action": "recovery_rollback_sent"}
{"txn_id": "4e755f08-0d9f-4ba7-b101-f18337a39450", "action": "recovery_rollback_sent"}
{"txn_id": "05c1fef4-6c64-44b0-97ce-13f6aca8ffa1", "action": "start", "from": "A1001", "to": "B2001", "amount": 200}
{"txn_id": "05c1fef4-6c64-44b0-97ce-13f6aca8ffa1", "state": "GLOBAL_ABORT", "reason": "prepare failed or commit failed"}
{"txn_id": "52ff3b59-6bd5-4f58-a75a-728d62acdb5c", "action": "start", "from": "A1005", "to": "B1005", "amount": 100}
{"txn_id": "52ff3b59-6bd5-4f58-a75a-728d62acdb5c", "state": "GLOBAL_COMMIT"}
{"txn_id": "11616b6c-87e2-4673-a74b-24b8d8b8a7c3", "action": "start", "from": "A1005", "to": "B1005", "amount": 100}
{"txn_id": "11616b6c-87e2-4673-a74b-24b8d8b8a7c3", "state": "GLOBAL_COMMIT"}
{"txn_id": "c662a640-9702-4a11-b6aa-fa75b4e67dbf", "action": "start", "from": "A1005", "to": "B1005", "amount": 100}
{"txn_id": "c662a640-9702-4a11-b6aa-fa75b4e67dbf", "state": "GLOBAL_COMMIT"}
{"txn_id": "bdb9a55e-752d-4b07-aa70-99bf529025a5", "action": "start", "from": "A1005", "to": "B1005", "amount": 100}
{"txn_id": "bdb9a55e-752d-4b07-aa70-99bf529025a5", "state": "GLOBAL_COMMIT"}
{"txn_id": "622e3ecf-1adb-4e45-a89e-3c1a7fe53e48", "action": "start", "from": "A1005", "to": "B1005", "amount": 100}
{"txn_id": "622e3ecf-1adb-4e45-a89e-3c1a7fe53e48", "state": "GLOBAL_COMMIT"}
{"txn_id": "ec306fe8-5c0e-4cdb-ae7b-3dc4cee8b724", "action": "start", "from": "A1005", "to": "B1005", "amount": 100}
{"txn_id": "ec306fe8-5c0e-4cdb-ae7b-3dc4cee8b724", "state": "GLOBAL_COMMIT"}
{"txn_id": "d2a9e510-63ae-4bf5-90d5-1aebbd685547", "action": "start", "from": "A1005", "to": "B1005", "amount": 100}
{"txn_id": "d2a9e510-63ae-4bf5-90d5-1aebbd685547", "state": "GLOBAL_COMMIT"}
{"txn_id": "d2a9e510-63ae-4bf5-90d5-1aebbd685547", "state": "error", "reason": "HTTPConnectionPool(host='localhost', port=5002): Max retries exceeded with url: /commit (Caused by NewConnectionError('<urllib3.connection.HTTPConnection object at 0x7ecc886b7350>: Failed to establish a new connection: [Errno 111] Connection refused'))"}
{"txn_id": "113cf68e-4d2a-4d64-88ea-4430cd8705d9", "action": "start", "from": "A1005", "to": "B1005", "amount": 100}
{"txn_id": "113cf68e-4d2a-4d64-88ea-4430cd8705d9", "state": "GLOBAL_COMMIT"}
{"txn_id": "0d7e42b6-5082-4abb-a2b6-7b123cc5d4e3", "action": "start", "from": "A1005", "to": "B1005", "amount": 100}
{"txn_id": "0d7e42b6-5082-4abb-a2b6-7b123cc5d4e3", "state": "GLOBAL_COMMIT"}
{"txn_id": "0d7e42b6-5082-4abb-a2b6-7b123cc5d4e3", "state": "error", "reason": "HTTPConnectionPool(host='localhost', port=5001): Max retries exceeded with url: /commit (Caused by NewConnectionError('<urllib3.connection.HTTPConnection object at 0x7ecc886b7bd0>: Failed to establish a new connection: [Errno 111] Connection refused'))"}
{"action": "simulate_crash_config", "config": {"enabled": false, "crash_point": "after_prepare", "delay_seconds": 15}}
{"txn_id": "159d8ed5-fb80-4078-a489-75f5ab4b6e85", "action": "start", "from": "A1001", "to": "B1001", "amount": 100}
{"txn_id": "159d8ed5-fb80-4078-a489-75f5ab4b6e85", "phase": "PREPARE", "action": "sending_prepare_to_source"}
{"txn_id": "159d8ed5-fb80-4078-a489-75f5ab4b6e85", "phase": "PREPARE", "action": "sending_prepare_to_dest"}
{"txn_id": "159d8ed5-fb80-4078-a489-75f5ab4b6e85", "phase": "PREPARE_RESULT", "source_ready": true, "dest_ready": true}
{"txn_id": "159d8ed5-fb80-4078-a489-75f5ab4b6e85", "phase": "COMMIT", "state": "GLOBAL_COMMIT"}
{"txn_id": "159d8ed5-fb80-4078-a489-75f5ab4b6e85", "phase": "RESULT", "state": "COMMITTED"}
{"txn_id": "5f9f98af-dc73-4777-b462-8ad9f43f3f30", "action": "start", "from": "A1001", "to": "B1001", "amount": 999999}
{"txn_id": "5f9f98af-dc73-4777-b462-8ad9f43f3f30", "phase": "PREPARE", "action": "sending_prepare_to_source"}
{"txn_id": "5f9f98af-dc73-4777-b462-8ad9f43f3f30", "phase": "PREPARE", "action": "sending_prepare_to_dest"}
{"txn_id": "5f9f98af-dc73-4777-b462-8ad9f43f3f30", "phase": "PREPARE_RESULT", "source_ready": false, "dest_ready": true}
{"txn_id": "5f9f98af-dc73-4777-b462-8ad9f43f3f30", "phase": "ABORT", "state": "GLOBAL_ABORT", "reason": "Source bank abort: Insufficient balance"}
{"txn_id": "4049dbc3-67ed-4608-9301-a403f3ca803c", "action": "start", "from": "A1001", "to": "B9999", "amount": 50}
{"txn_id": "4049dbc3-67ed-4608-9301-a403f3ca803c", "phase": "PREPARE", "action": "sending_prepare_to_source"}
{"txn_id": "4049dbc3-67ed-4608-9301-a403f3ca803c", "phase": "PREPARE", "action": "sending_prepare_to_dest"}
{"txn_id": "4049dbc3-67ed-4608-9301-a403f3ca803c", "phase": "PREPARE_RESULT", "source_ready": true, "dest_ready": false}
{"txn_id": "4049dbc3-67ed-4608-9301-a403f3ca803c", "phase": "ABORT", "state": "GLOBAL_ABORT", "reason": "Dest bank abort: Destination account not found"}
{"txn_id": "803e6adc-6d25-4e32-ba66-8832676741ea", "action": "start", "from": "A1001", "to": "A1002", "amount": 50}
{"txn_id": "803e6adc-6d25-4e32-ba66-8832676741ea", "state": "committed", "type": "internal"}
{"action": "simulate_crash_config", "config": {"enabled": true, "crash_point": "after_prepare", "delay_seconds": 5}}
{"txn_id": "4497ab46-232f-4091-93a0-0bc4abdff18f", "action": "start", "from": "A1001", "to": "B1001", "amount": 25}
{"txn_id": "4497ab46-232f-4091-93a0-0bc4abdff18f", "phase": "PREPARE", "action": "sending_prepare_to_source"}
{"txn_id": "4497ab46-232f-4091-93a0-0bc4abdff18f", "phase": "PREPARE", "action": "sending_prepare_to_dest"}
{"txn_id": "4497ab46-232f-4091-93a0-0bc4abdff18f", "phase": "PREPARE_RESULT", "source_ready": true, "dest_ready": true}
{"txn_id": "4497ab46-232f-4091-93a0-0bc4abdff18f", "action": "CRASH_SIMULATION", "crash_point": "after_prepare", "delay_seconds": 5, "message": "Giả lập mất kết nối 5s sau khi cả 2 bank đã prepare..."}
{"action": "auto_recovery", "txn_id": "0d7e42b6-5082-4abb-a2b6-7b123cc5d4e3", "bank": "Bank A", "decision": "rollback"}
{"action": "auto_recovery", "txn_id": "4497ab46-232f-4091-93a0-0bc4abdff18f", "bank": "Bank A", "decision": "rollback"}
{"action": "auto_recovery", "txn_id": "622e3ecf-1adb-4e45-a89e-3c1a7fe53e48", "bank": "Bank A", "decision": "rollback"}
{"action": "auto_recovery", "txn_id": "bdb9a55e-752d-4b07-aa70-99bf529025a5", "bank": "Bank A", "decision": "rollback"}
{"action": "auto_recovery", "txn_id": "d2a9e510-63ae-4bf5-90d5-1aebbd685547", "bank": "Bank B", "decision": "rollback"}
{"txn_id": "4497ab46-232f-4091-93a0-0bc4abdff18f", "action": "CRASH_SIMULATION_END", "message": "Kết nối phục hồi, tiếp tục commit..."}
{"txn_id": "4497ab46-232f-4091-93a0-0bc4abdff18f", "phase": "COMMIT", "state": "GLOBAL_COMMIT"}
{"txn_id": "4497ab46-232f-4091-93a0-0bc4abdff18f", "phase": "RESULT", "state": "COMMITTED"}
{"action": "simulate_crash_config", "config": {"enabled": false, "crash_point": "after_prepare", "delay_seconds": 15}}
{"txn_id": "7acf5715-0f68-48d4-8e4c-96c1c91308ef", "action": "start", "from": "A1001", "to": "B1001", "amount": 100}
{"txn_id": "7acf5715-0f68-48d4-8e4c-96c1c91308ef", "phase": "PREPARE", "action": "sending_prepare_to_source"}
{"txn_id": "7acf5715-0f68-48d4-8e4c-96c1c91308ef", "phase": "PREPARE", "action": "sending_prepare_to_dest"}
{"txn_id": "7acf5715-0f68-48d4-8e4c-96c1c91308ef", "phase": "PREPARE_RESULT", "source_ready": true, "dest_ready": true}
{"txn_id": "7acf5715-0f68-48d4-8e4c-96c1c91308ef", "phase": "COMMIT", "state": "GLOBAL_COMMIT"}
{"txn_id": "7acf5715-0f68-48d4-8e4c-96c1c91308ef", "phase": "RESULT", "state": "COMMITTED"}
{"txn_id": "ac8b4ae6-b041-4554-a18b-c21d22e4090e", "action": "start", "from": "A1001", "to": "B1001", "amount": 999999}
{"txn_id": "ac8b4ae6-b041-4554-a18b-c21d22e4090e", "phase": "PREPARE", "action": "sending_prepare_to_source"}
{"txn_id": "ac8b4ae6-b041-4554-a18b-c21d22e4090e", "phase": "PREPARE", "action": "sending_prepare_to_dest"}
{"txn_id": "ac8b4ae6-b041-4554-a18b-c21d22e4090e", "phase": "PREPARE_RESULT", "source_ready": false, "dest_ready": true}
{"txn_id": "ac8b4ae6-b041-4554-a18b-c21d22e4090e", "phase": "ABORT", "state": "GLOBAL_ABORT", "reason": "Source bank abort: Insufficient balance"}
{"txn_id": "463345f6-047b-4e5f-a101-e6c9d2e5cbbf", "action": "start", "from": "A1001", "to": "B9999", "amount": 50}
{"txn_id": "463345f6-047b-4e5f-a101-e6c9d2e5cbbf", "phase": "PREPARE", "action": "sending_prepare_to_source"}
{"txn_id": "463345f6-047b-4e5f-a101-e6c9d2e5cbbf", "phase": "PREPARE", "action": "sending_prepare_to_dest"}
{"txn_id": "463345f6-047b-4e5f-a101-e6c9d2e5cbbf", "phase": "PREPARE_RESULT", "source_ready": true, "dest_ready": false}
{"txn_id": "463345f6-047b-4e5f-a101-e6c9d2e5cbbf", "phase": "ABORT", "state": "GLOBAL_ABORT", "reason": "Dest bank abort: Destination account not found"}
{"txn_id": "4cdc10a2-2a35-475c-83d4-6a3ac13d8259", "action": "start", "from": "A1001", "to": "A1002", "amount": 50}
{"txn_id": "4cdc10a2-2a35-475c-83d4-6a3ac13d8259", "state": "committed", "type": "internal"}
{"action": "simulate_crash_config", "config": {"enabled": true, "crash_point": "after_prepare", "delay_seconds": 5}}
{"txn_id": "8f8d6243-9fdc-48a3-82c7-e0591092d6ba", "action": "start", "from": "A1001", "to": "B1001", "amount": 25}
{"txn_id": "8f8d6243-9fdc-48a3-82c7-e0591092d6ba", "phase": "PREPARE", "action": "sending_prepare_to_source"}
{"txn_id": "8f8d6243-9fdc-48a3-82c7-e0591092d6ba", "phase": "PREPARE", "action": "sending_prepare_to_dest"}
{"txn_id": "8f8d6243-9fdc-48a3-82c7-e0591092d6ba", "phase": "PREPARE_RESULT", "source_ready": true, "dest_ready": true}
{"txn_id": "8f8d6243-9fdc-48a3-82c7-e0591092d6ba", "action": "CRASH_SIMULATION", "crash_point": "after_prepare", "delay_seconds": 5, "message": "Giả lập mất kết nối 5s sau khi cả 2 bank đã prepare..."}
{"txn_id": "8f8d6243-9fdc-48a3-82c7-e0591092d6ba", "action": "CRASH_SIMULATION_END", "message": "Kết nối phục hồi, tiếp tục commit..."}
{"txn_id": "8f8d6243-9fdc-48a3-82c7-e0591092d6ba", "phase": "COMMIT", "state": "GLOBAL_COMMIT"}
{"txn_id": "8f8d6243-9fdc-48a3-82c7-e0591092d6ba", "phase": "RESULT", "state": "COMMITTED"}
{"action": "simulate_crash_config", "config": {"enabled": false, "crash_point": "after_prepare", "delay_seconds": 15}}
{"action": "simulate_crash_config", "config": {"enabled": false, "crash_point": "after_prepare", "delay_seconds": 15}}
{"txn_id": "f8eefffe-6637-4756-ae17-ecd149e860b4", "action": "start", "from": "A1001", "to": "B1001", "amount": 10}
{"txn_id": "d7c1ae05-18bd-4b16-8cb4-889b6775d28a", "action": "start", "from": "A1001", "to": "B1001", "amount": 10}
{"txn_id": "f183aa62-4919-4ca7-add6-661d5d2251f5", "action": "start", "from": "A1001", "to": "B1001", "amount": 10}
{"txn_id": "f8eefffe-6637-4756-ae17-ecd149e860b4", "phase": "PREPARE", "action": "sending_prepare_to_source"}
{"txn_id": "d7c1ae05-18bd-4b16-8cb4-889b6775d28a", "phase": "PREPARE", "action": "sending_prepare_to_source"}
{"txn_id": "f183aa62-4919-4ca7-add6-661d5d2251f5", "phase": "PREPARE", "action": "sending_prepare_to_source"}
{"txn_id": "f8eefffe-6637-4756-ae17-ecd149e860b4", "phase": "PREPARE", "action": "sending_prepare_to_dest"}
{"txn_id": "d7c1ae05-18bd-4b16-8cb4-889b6775d28a", "phase": "PREPARE", "action": "sending_prepare_to_dest"}
{"txn_id": "f183aa62-4919-4ca7-add6-661d5d2251f5", "phase": "PREPARE", "action": "sending_prepare_to_dest"}
{"txn_id": "f8eefffe-6637-4756-ae17-ecd149e860b4", "phase": "PREPARE_RESULT", "source_ready": true, "dest_ready": true}
{"txn_id": "f8eefffe-6637-4756-ae17-ecd149e860b4", "phase": "COMMIT", "state": "GLOBAL_COMMIT"}
{"txn_id": "d7c1ae05-18bd-4b16-8cb4-889b6775d28a", "phase": "PREPARE_RESULT", "source_ready": true, "dest_ready": true}
{"txn_id": "d7c1ae05-18bd-4b16-8cb4-889b6775d28a", "phase": "COMMIT", "state": "GLOBAL_COMMIT"}
{"txn_id": "f183aa62-4919-4ca7-add6-661d5d2251f5", "phase": "PREPARE_RESULT", "source_ready": true, "dest_ready": true}
{"txn_id": "f183aa62-4919-4ca7-add6-661d5d2251f5", "phase": "COMMIT", "state": "GLOBAL_COMMIT"}
{"txn_id": "f8eefffe-6637-4756-ae17-ecd149e860b4", "phase": "RESULT", "state": "COMMITTED"}
{"txn_id": "d7c1ae05-18bd-4b16-8cb4-889b6775d28a", "phase": "RESULT", "state": "COMMITTED"}
{"txn_id": "f183aa62-4919-4ca7-add6-661d5d2251f5", "phase": "RESULT", "state": "COMMITTED"}
{"action": "simulate_crash_config", "config": {"enabled": false, "crash_point": "after_prepare", "delay_seconds": 15}}
{"txn_id": "4266c2c4-478d-483d-8f42-0f1dca66e401", "action": "start", "from": "A1001", "to": "B1001", "amount": 100}
{"txn_id": "4266c2c4-478d-483d-8f42-0f1dca66e401", "phase": "PREPARE", "action": "sending_prepare_to_source"}
{"txn_id": "4266c2c4-478d-483d-8f42-0f1dca66e401", "phase": "PREPARE", "action": "sending_prepare_to_dest"}
{"txn_id": "4266c2c4-478d-483d-8f42-0f1dca66e401", "phase": "PREPARE_RESULT", "source_ready": true, "dest_ready": true}
{"txn_id": "4266c2c4-478d-483d-8f42-0f1dca66e401", "phase": "COMMIT", "state": "GLOBAL_COMMIT"}
{"txn_id": "4266c2c4-478d-483d-8f42-0f1dca66e401", "phase": "RESULT", "state": "COMMITTED"}
{"txn_id": "a9907b7c-e9da-4206-949b-34436d63cf74", "action": "start", "from": "A1001", "to": "B1001", "amount": 999999}
{"txn_id": "a9907b7c-e9da-4206-949b-34436d63cf74", "phase": "PREPARE", "action": "sending_prepare_to_source"}
{"txn_id": "a9907b7c-e9da-4206-949b-34436d63cf74", "phase": "PREPARE", "action": "sending_prepare_to_dest"}
{"txn_id": "a9907b7c-e9da-4206-949b-34436d63cf74", "phase": "PREPARE_RESULT", "source_ready": false, "dest_ready": true}
{"txn_id": "a9907b7c-e9da-4206-949b-34436d63cf74", "phase": "ABORT", "state": "GLOBAL_ABORT", "reason": "Source bank abort: Insufficient balance"}
{"txn_id": "3412405a-bd6f-4515-a41e-c07c104b6695", "action": "start", "from": "A1001", "to": "B9999", "amount": 50}
{"txn_id": "3412405a-bd6f-4515-a41e-c07c104b6695", "phase": "PREPARE", "action": "sending_prepare_to_source"}
{"txn_id": "3412405a-bd6f-4515-a41e-c07c104b6695", "phase": "PREPARE", "action": "sending_prepare_to_dest"}
{"txn_id": "3412405a-bd6f-4515-a41e-c07c104b6695", "phase": "PREPARE_RESULT", "source_ready": true, "dest_ready": false}
{"txn_id": "3412405a-bd6f-4515-a41e-c07c104b6695", "phase": "ABORT", "state": "GLOBAL_ABORT", "reason": "Dest bank abort: Destination account not found"}
{"txn_id": "bb34f3bc-21c9-470c-b3de-4dfa25840744", "action": "start", "from": "A1001", "to": "A1002", "amount": 50}
{"txn_id": "bb34f3bc-21c9-470c-b3de-4dfa25840744", "state": "committed", "type": "internal"}
{"action": "simulate_crash_config", "config": {"enabled": true, "crash_point": "after_prepare", "delay_seconds": 5}}
{"txn_id": "f92d3fa7-b3b1-494b-b7db-0a211cd6de59", "action": "start", "from": "A1001", "to": "B1001", "amount": 25}
{"txn_id": "f92d3fa7-b3b1-494b-b7db-0a211cd6de59", "phase": "PREPARE", "action": "sending_prepare_to_source"}
{"txn_id": "f92d3fa7-b3b1-494b-b7db-0a211cd6de59", "phase": "PREPARE", "action": "sending_prepare_to_dest"}
{"txn_id": "f92d3fa7-b3b1-494b-b7db-0a211cd6de59", "phase": "PREPARE_RESULT", "source_ready": true, "dest_ready": true}
{"txn_id": "f92d3fa7-b3b1-494b-b7db-0a211cd6de59", "action": "CRASH_SIMULATION", "crash_point": "after_prepare", "delay_seconds": 5, "message": "Giả lập mất kết nối 5s sau khi cả 2 bank đã prepare..."}
{"action": "auto_recovery", "txn_id": "f92d3fa7-b3b1-494b-b7db-0a211cd6de59", "bank": "Bank A", "decision": "rollback"}
{"txn_id": "f92d3fa7-b3b1-494b-b7db-0a211cd6de59", "action": "CRASH_SIMULATION_END", "message": "Kết nối phục hồi, tiếp tục commit..."}
{"txn_id": "f92d3fa7-b3b1-494b-b7db-0a211cd6de59", "phase": "COMMIT", "state": "GLOBAL_COMMIT"}
{"txn_id": "f92d3fa7-b3b1-494b-b7db-0a211cd6de59", "phase": "RESULT", "state": "COMMITTED"}
{"action": "simulate_crash_config", "config": {"enabled": false, "crash_point": "after_prepare", "delay_seconds": 15}}
{"action": "simulate_crash_config", "config": {"enabled": false, "crash_point": "after_prepare", "delay_seconds": 15}}
{"txn_id": "480f3def-d7d0-4cad-922e-559dde341f8a", "action": "start", "from": "A1001", "to": "B1001", "amount": 10}
{"txn_id": "480f3def-d7d0-4cad-922e-559dde341f8a", "phase": "PREPARE", "action": "sending_prepare_to_source"}
{"txn_id": "625f1385-74a9-4325-a221-59346345e1c9", "action": "start", "from": "A1001", "to": "B1001", "amount": 10}
{"txn_id": "625f1385-74a9-4325-a221-59346345e1c9", "phase": "PREPARE", "action": "sending_prepare_to_source"}
{"txn_id": "fb7dfa13-995b-4d67-b3bf-bea393e44dc1", "action": "start", "from": "A1001", "to": "B1001", "amount": 10}
{"txn_id": "fb7dfa13-995b-4d67-b3bf-bea393e44dc1", "phase": "PREPARE", "action": "sending_prepare_to_source"}
{"txn_id": "480f3def-d7d0-4cad-922e-559dde341f8a", "phase": "PREPARE", "action": "sending_prepare_to_dest"}
{"txn_id": "625f1385-74a9-4325-a221-59346345e1c9", "phase": "PREPARE", "action": "sending_prepare_to_dest"}
{"txn_id": "fb7dfa13-995b-4d67-b3bf-bea393e44dc1", "phase": "PREPARE", "action": "sending_prepare_to_dest"}
{"txn_id": "625f1385-74a9-4325-a221-59346345e1c9", "phase": "PREPARE_RESULT", "source_ready": true, "dest_ready": true}
{"txn_id": "625f1385-74a9-4325-a221-59346345e1c9", "phase": "COMMIT", "state": "GLOBAL_COMMIT"}
{"txn_id": "fb7dfa13-995b-4d67-b3bf-bea393e44dc1", "phase": "PREPARE_RESULT", "source_ready": true, "dest_ready": true}
{"txn_id": "480f3def-d7d0-4cad-922e-559dde341f8a", "phase": "PREPARE_RESULT", "source_ready": true, "dest_ready": true}
{"txn_id": "480f3def-d7d0-4cad-922e-559dde341f8a", "phase": "COMMIT", "state": "GLOBAL_COMMIT"}
{"txn_id": "fb7dfa13-995b-4d67-b3bf-bea393e44dc1", "phase": "COMMIT", "state": "GLOBAL_COMMIT"}
{"txn_id": "625f1385-74a9-4325-a221-59346345e1c9", "phase": "RESULT", "state": "COMMITTED"}
{"txn_id": "480f3def-d7d0-4cad-922e-559dde341f8a", "phase": "RESULT", "state": "COMMITTED"}
{"txn_id": "fb7dfa13-995b-4d67-b3bf-bea393e44dc1", "phase": "RESULT", "state": "COMMITTED"}
{"txn_id": "bfb2b862-50e6-4cd5-8192-593c5b7e4282", "action": "start", "from": "A1001", "to": "B1001", "amount": 100}
{"txn_id": "bfb2b862-50e6-4cd5-8192-593c5b7e4282", "phase": "PREPARE", "action": "sending_prepare_to_source"}
{"txn_id": "bfb2b862-50e6-4cd5-8192-593c5b7e4282", "phase": "PREPARE", "action": "sending_prepare_to_dest"}
{"txn_id": "bfb2b862-50e6-4cd5-8192-593c5b7e4282", "phase": "PREPARE_RESULT", "source_ready": true, "dest_ready": true}
{"txn_id": "bfb2b862-50e6-4cd5-8192-593c5b7e4282", "phase": "COMMIT", "state": "GLOBAL_COMMIT"}
{"txn_id": "bfb2b862-50e6-4cd5-8192-593c5b7e4282", "phase": "RESULT", "state": "COMMITTED"}
{"txn_id": "9973dd9e-39b9-4123-bacc-0403044a4c2e", "action": "start", "from": "A1001", "to": "B1001", "amount": 100}
{"txn_id": "9973dd9e-39b9-4123-bacc-0403044a4c2e", "phase": "PREPARE", "action": "sending_prepare_to_source"}
{"txn_id": "9973dd9e-39b9-4123-bacc-0403044a4c2e", "phase": "PREPARE", "action": "sending_prepare_to_dest"}
{"txn_id": "9973dd9e-39b9-4123-bacc-0403044a4c2e", "phase": "PREPARE_RESULT", "source_ready": false, "dest_ready": true}
{"txn_id": "9973dd9e-39b9-4123-bacc-0403044a4c2e", "phase": "ABORT", "state": "GLOBAL_ABORT", "reason": "Source bank abort: Insufficient balance"}
{"txn_id": "b537d790-a9fe-4429-838f-ca74782995a9", "action": "start", "from": "A1001", "to": "B1001", "amount": 50}
{"txn_id": "b537d790-a9fe-4429-838f-ca74782995a9", "phase": "PREPARE", "action": "sending_prepare_to_source"}
{"txn_id": "b537d790-a9fe-4429-838f-ca74782995a9", "phase": "PREPARE", "action": "sending_prepare_to_dest"}
{"txn_id": "b537d790-a9fe-4429-838f-ca74782995a9", "phase": "PREPARE_RESULT", "source_ready": true, "dest_ready": true}
{"txn_id": "b537d790-a9fe-4429-838f-ca74782995a9", "phase": "COMMIT", "state": "GLOBAL_COMMIT"}
{"txn_id": "b537d790-a9fe-4429-838f-ca74782995a9", "phase": "RESULT", "state": "COMMITTED"}
{"txn_id": "7c616037-acd5-477f-8d3b-36e6514b4174", "action": "start", "from": "B1001", "to": "A1001", "amount": 500}
{"txn_id": "7c616037-acd5-477f-8d3b-36e6514b4174", "phase": "PREPARE", "action": "sending_prepare_to_source"}
{"txn_id": "7c616037-acd5-477f-8d3b-36e6514b4174", "phase": "PREPARE", "action": "sending_prepare_to_dest"}
{"txn_id": "7c616037-acd5-477f-8d3b-36e6514b4174", "phase": "PREPARE_RESULT", "source_ready": true, "dest_ready": true}
{"txn_id": "7c616037-acd5-477f-8d3b-36e6514b4174", "phase": "COMMIT", "state": "GLOBAL_COMMIT"}
{"txn_id": "7c616037-acd5-477f-8d3b-36e6514b4174", "phase": "RESULT", "state": "COMMITTED"}
{"txn_id": "e04a8bf3-afb5-4d07-98ae-7522f52f40a2", "action": "start", "from": "A1001", "to": "B1001", "amount": 100}
{"txn_id": "e04a8bf3-afb5-4d07-98ae-7522f52f40a2", "phase": "PREPARE", "action": "sending_prepare_to_source"}
{"txn_id": "e04a8bf3-afb5-4d07-98ae-7522f52f40a2", "phase": "PREPARE", "action": "sending_prepare_to_dest"}
{"txn_id": "e04a8bf3-afb5-4d07-98ae-7522f52f40a2", "phase": "PREPARE_RESULT", "source_ready": true, "dest_ready": true}
{"txn_id": "e04a8bf3-afb5-4d07-98ae-7522f52f40a2", "phase": "COMMIT", "state": "GLOBAL_COMMIT"}
{"txn_id": "e04a8bf3-afb5-4d07-98ae-7522f52f40a2", "phase": "RESULT", "state": "COMMITTED"}
{"txn_id": "b07f71cb-b394-4ccf-ac25-f3a271ee916c", "action": "start", "from": "A1001", "to": "B1001", "amount": 100}
{"txn_id": "b07f71cb-b394-4ccf-ac25-f3a271ee916c", "phase": "PREPARE", "action": "sending_prepare_to_source"}
{"txn_id": "b07f71cb-b394-4ccf-ac25-f3a271ee916c", "phase": "PREPARE", "action": "sending_prepare_to_dest"}
{"txn_id": "b07f71cb-b394-4ccf-ac25-f3a271ee916c", "phase": "PREPARE_RESULT", "source_ready": true, "dest_ready": true}
{"txn_id": "b07f71cb-b394-4ccf-ac25-f3a271ee916c", "phase": "COMMIT", "state": "GLOBAL_COMMIT"}
{"txn_id": "b07f71cb-b394-4ccf-ac25-f3a271ee916c", "phase": "RESULT", "state": "COMMITTED"}
{"txn_id": "806ad02d-8954-44ab-9b32-b95fe0d8b678", "action": "start", "from": "A1001", "to": "B1010", "amount": 50}
{"txn_id": "806ad02d-8954-44ab-9b32-b95fe0d8b678", "phase": "PREPARE", "action": "sending_prepare_to_source"}
{"txn_id": "806ad02d-8954-44ab-9b32-b95fe0d8b678", "phase": "PREPARE", "action": "sending_prepare_to_dest"}
{"txn_id": "806ad02d-8954-44ab-9b32-b95fe0d8b678", "phase": "PREPARE_RESULT", "source_ready": true, "dest_ready": false}
{"txn_id": "806ad02d-8954-44ab-9b32-b95fe0d8b678", "phase": "ABORT", "state": "GLOBAL_ABORT", "reason": "Dest bank abort: Destination account not found"}
{"txn_id": "9c2faaba-4ff5-4ee2-be45-6b7c72076da5", "action": "start", "from": "A1001", "to": "B1001", "amount": 50}
{"txn_id": "9c2faaba-4ff5-4ee2-be45-6b7c72076da5", "phase": "PREPARE", "action": "sending_prepare_to_source"}
{"txn_id": "9c2faaba-4ff5-4ee2-be45-6b7c72076da5", "phase": "PREPARE", "action": "sending_prepare_to_dest"}
{"txn_id": "9c2faaba-4ff5-4ee2-be45-6b7c72076da5", "phase": "PREPARE_RESULT", "source_ready": true, "dest_ready": true}
{"txn_id": "9c2faaba-4ff5-4ee2-be45-6b7c72076da5", "phase": "COMMIT", "state": "GLOBAL_COMMIT"}
{"txn_id": "9c2faaba-4ff5-4ee2-be45-6b7c72076da5", "phase": "RESULT", "state": "COMMITTED"}
{"action": "simulate_crash_config", "config": {"enabled": true, "crash_point": "after_prepare", "delay_seconds": 15}}
{"txn_id": "db80daa3-a9c6-4b47-a4fe-b5701ba59f5a", "action": "start", "from": "A1001", "to": "B1001", "amount": 50}
{"txn_id": "db80daa3-a9c6-4b47-a4fe-b5701ba59f5a", "phase": "PREPARE", "action": "sending_prepare_to_source"}
{"txn_id": "db80daa3-a9c6-4b47-a4fe-b5701ba59f5a", "phase": "PREPARE", "action": "sending_prepare_to_dest"}
{"txn_id": "db80daa3-a9c6-4b47-a4fe-b5701ba59f5a", "phase": "PREPARE_RESULT", "source_ready": true, "dest_ready": true}
{"txn_id": "db80daa3-a9c6-4b47-a4fe-b5701ba59f5a", "action": "CRASH_SIMULATION", "crash_point": "after_prepare", "delay_seconds": 15, "message": "Giả lập mất kết nối 15s sau khi cả 2 bank đã prepare..."}
{"action": "auto_recovery", "txn_id": "db80daa3-a9c6-4b47-a4fe-b5701ba59f5a", "bank": "Bank A", "decision": "rollback"}
{"txn_id": "db80daa3-a9c6-4b47-a4fe-b5701ba59f5a", "action": "CRASH_SIMULATION_END", "message": "Kết nối phục hồi, tiếp tục commit..."}
{"txn_id": "db80daa3-a9c6-4b47-a4fe-b5701ba59f5a", "phase": "COMMIT", "state": "GLOBAL_COMMIT"}
{"txn_id": "db80daa3-a9c6-4b47-a4fe-b5701ba59f5a", "phase": "RESULT", "state": "COMMITTED"}
{"action": "simulate_crash_config", "config": {"enabled": false, "crash_point": "after_prepare", "delay_seconds": 15}}
{"action": "simulate_crash_config", "config": {"enabled": true, "crash_point": "after_prepare", "delay_seconds": 15}}
{"txn_id": "c8f28c23-8f24-4fde-b08e-ca964fc6ccc2", "action": "start", "from": "A1001", "to": "B1001", "amount": 50}
{"txn_id": "c8f28c23-8f24-4fde-b08e-ca964fc6ccc2", "phase": "PREPARE", "action": "sending_prepare_to_source"}
{"txn_id": "c8f28c23-8f24-4fde-b08e-ca964fc6ccc2", "phase": "PREPARE", "action": "sending_prepare_to_dest"}
{"txn_id": "c8f28c23-8f24-4fde-b08e-ca964fc6ccc2", "phase": "PREPARE_RESULT", "source_ready": true, "dest_ready": true}
{"txn_id": "c8f28c23-8f24-4fde-b08e-ca964fc6ccc2", "action": "CRASH_SIMULATION", "crash_point": "after_prepare", "delay_seconds": 15, "message": "Giả lập mất kết nối 15s sau khi cả 2 bank đã prepare..."}
{"action": "auto_recovery", "txn_id": "c8f28c23-8f24-4fde-b08e-ca964fc6ccc2", "bank": "Bank A", "decision": "rollback"}
{"txn_id": "c8f28c23-8f24-4fde-b08e-ca964fc6ccc2", "action": "CRASH_SIMULATION_END", "message": "Kết nối phục hồi, tiếp tục commit..."}
{"txn_id": "c8f28c23-8f24-4fde-b08e-ca964fc6ccc2", "phase": "COMMIT", "state": "GLOBAL_COMMIT"}
{"txn_id": "c8f28c23-8f24-4fde-b08e-ca964fc6ccc2", "phase": "RESULT", "state": "COMMITTED"}
{"action": "simulate_crash_config", "config": {"enabled": false, "crash_point": "after_prepare", "delay_seconds": 15}}
{"action": "simulate_crash_config", "config": {"enabled": true, "crash_point": "after_prepare", "delay_seconds": 15}}
{"txn_id": "d91b16ae-babf-4911-980e-b2dcaad8cbe5", "action": "start", "from": "A1001", "to": "B1001", "amount": 50}
{"txn_id": "d91b16ae-babf-4911-980e-b2dcaad8cbe5", "phase": "PREPARE", "action": "sending_prepare_to_source"}
{"txn_id": "d91b16ae-babf-4911-980e-b2dcaad8cbe5", "phase": "PREPARE", "action": "sending_prepare_to_dest"}
{"txn_id": "d91b16ae-babf-4911-980e-b2dcaad8cbe5", "phase": "PREPARE_RESULT", "source_ready": true, "dest_ready": true}
{"txn_id": "d91b16ae-babf-4911-980e-b2dcaad8cbe5", "action": "CRASH_SIMULATION", "crash_point": "after_prepare", "delay_seconds": 15, "message": "Giả lập mất kết nối 15s sau khi cả 2 bank đã prepare..."}
{"action": "auto_recovery", "txn_id": "d91b16ae-babf-4911-980e-b2dcaad8cbe5", "bank": "Bank A", "decision": "rollback"}
{"txn_id": "d91b16ae-babf-4911-980e-b2dcaad8cbe5", "action": "CRASH_SIMULATION_END", "message": "Kết nối phục hồi, tiếp tục commit..."}
{"txn_id": "d91b16ae-babf-4911-980e-b2dcaad8cbe5", "phase": "COMMIT", "state": "GLOBAL_COMMIT"}
{"txn_id": "d91b16ae-babf-4911-980e-b2dcaad8cbe5", "phase": "RESULT", "state": "COMMITTED"}
{"action": "simulate_crash_config", "config": {"enabled": false, "crash_point": "after_prepare", "delay_seconds": 15}}
{"action": "simulate_crash_config", "config": {"enabled": true, "crash_point": "after_prepare", "delay_seconds": 15}}
{"txn_id": "ef25e8f8-c174-46e8-8d40-9c2fb427dbd7", "action": "start", "from": "A1001", "to": "B1001", "amount": 50}
{"txn_id": "ef25e8f8-c174-46e8-8d40-9c2fb427dbd7", "phase": "PREPARE", "action": "sending_prepare_to_source"}
{"txn_id": "ef25e8f8-c174-46e8-8d40-9c2fb427dbd7", "phase": "PREPARE", "action": "sending_prepare_to_dest"}
{"txn_id": "ef25e8f8-c174-46e8-8d40-9c2fb427dbd7", "phase": "PREPARE_RESULT", "source_ready": true, "dest_ready": true}
{"txn_id": "ef25e8f8-c174-46e8-8d40-9c2fb427dbd7", "action": "CRASH_SIMULATION", "crash_point": "after_prepare", "message": "Giả lập đứt kết nối. Giao dịch thất bại sau Prepare."}
{"action": "recovery", "txn_id": "ef25e8f8-c174-46e8-8d40-9c2fb427dbd7", "bank": "Bank A", "decision": "aborted"}
{"action": "recovery", "txn_id": "ef25e8f8-c174-46e8-8d40-9c2fb427dbd7", "bank": "Bank B", "decision": "aborted"}
{"txn_id": "ef25e8f8-c174-46e8-8d40-9c2fb427dbd7", "action": "CRASH_SIMULATION_END", "message": "Đang tiến hành hoàn tiền (Rollback)..."}
{"action": "simulate_crash_config", "config": {"enabled": false, "crash_point": "after_prepare", "delay_seconds": 15}}
{"action": "simulate_crash_config", "config": {"enabled": true, "crash_point": "after_prepare", "delay_seconds": 15}}
{"txn_id": "2fcf76ae-b697-4667-bc0c-61826cef6ffa", "action": "start", "from": "B1001", "to": "A1001", "amount": 100}
{"txn_id": "2fcf76ae-b697-4667-bc0c-61826cef6ffa", "phase": "PREPARE", "action": "sending_prepare_to_source"}
{"txn_id": "2fcf76ae-b697-4667-bc0c-61826cef6ffa", "phase": "PREPARE", "action": "sending_prepare_to_dest"}
{"txn_id": "2fcf76ae-b697-4667-bc0c-61826cef6ffa", "phase": "PREPARE_RESULT", "source_ready": true, "dest_ready": true}
{"txn_id": "2fcf76ae-b697-4667-bc0c-61826cef6ffa", "action": "CRASH_SIMULATION", "crash_point": "after_prepare", "message": "Giả lập đứt kết nối. Giao dịch thất bại sau Prepare."}
{"txn_id": "2fcf76ae-b697-4667-bc0c-61826cef6ffa", "action": "CRASH_SIMULATION_END", "message": "Đang tiến hành hoàn tiền (Rollback)..."}
{"action": "simulate_crash_config", "config": {"enabled": false, "crash_point": "after_prepare", "delay_seconds": 15}}
{"action": "simulate_crash_config", "config": {"enabled": true, "crash_point": "after_prepare", "delay_seconds": 15}}
{"txn_id": "082c5d84-21f8-4cfe-9fe2-4e6023737098", "action": "start", "from": "A1001", "to": "B1001", "amount": 100}
{"txn_id": "082c5d84-21f8-4cfe-9fe2-4e6023737098", "phase": "PREPARE", "action": "sending_prepare_to_source"}
{"txn_id": "082c5d84-21f8-4cfe-9fe2-4e6023737098", "phase": "PREPARE", "action": "sending_prepare_to_dest"}
{"txn_id": "082c5d84-21f8-4cfe-9fe2-4e6023737098", "phase": "PREPARE_RESULT", "source_ready": true, "dest_ready": true}
{"txn_id": "082c5d84-21f8-4cfe-9fe2-4e6023737098", "action": "CRASH_SIMULATION", "crash_point": "after_prepare", "message": "Giả lập đứt kết nối. Giao dịch thất bại sau Prepare."}
{"txn_id": "082c5d84-21f8-4cfe-9fe2-4e6023737098", "action": "CRASH_SIMULATION_END", "message": "Đang tiến hành hoàn tiền (Rollback)..."}
{"action": "simulate_crash_config", "config": {"enabled": false, "crash_point": "after_prepare", "delay_seconds": 15}}
{"action": "simulate_crash_config", "config": {"enabled": true, "crash_point": "after_prepare", "delay_seconds": 15}}
{"txn_id": "bfc3fe81-cc14-4fd3-aa8e-1a398b43b663", "action": "start", "from": "A1001", "to": "B1001", "amount": 50}
{"txn_id": "bfc3fe81-cc14-4fd3-aa8e-1a398b43b663", "phase": "PREPARE", "action": "sending_prepare_to_source"}
{"txn_id": "bfc3fe81-cc14-4fd3-aa8e-1a398b43b663", "phase": "PREPARE", "action": "sending_prepare_to_dest"}
{"txn_id": "bfc3fe81-cc14-4fd3-aa8e-1a398b43b663", "phase": "PREPARE_RESULT", "source_ready": true, "dest_ready": true}
{"txn_id": "bfc3fe81-cc14-4fd3-aa8e-1a398b43b663", "action": "CRASH_SIMULATION", "crash_point": "after_prepare", "message": "Giả lập đứt kết nối. Giao dịch thất bại sau Prepare."}
{"action": "recovery", "txn_id": "bfc3fe81-cc14-4fd3-aa8e-1a398b43b663", "bank": "Bank A", "decision": "aborted"}
{"action": "recovery", "txn_id": "bfc3fe81-cc14-4fd3-aa8e-1a398b43b663", "bank": "Bank B", "decision": "aborted"}
{"txn_id": "bfc3fe81-cc14-4fd3-aa8e-1a398b43b663", "action": "CRASH_SIMULATION_END", "message": "Đang tiến hành hoàn tiền (Rollback)..."}
{"action": "simulate_crash_config", "config": {"enabled": false, "crash_point": "after_prepare", "delay_seconds": 15}}
{"action": "simulate_crash_config", "config": {"enabled": false, "crash_point": "after_prepare", "delay_seconds": 15}}
{"txn_id": "54de02ea-b483-4ced-b9cf-0541230a6355", "action": "start", "from": "A1001", "to": "B1001", "amount": 100}
{"txn_id": "54de02ea-b483-4ced-b9cf-0541230a6355", "phase": "PREPARE", "action": "sending_prepare_to_source"}
{"txn_id": "54de02ea-b483-4ced-b9cf-0541230a6355", "phase": "PREPARE", "action": "sending_prepare_to_dest"}
{"txn_id": "54de02ea-b483-4ced-b9cf-0541230a6355", "phase": "PREPARE_RESULT", "source_ready": true, "dest_ready": true}
{"txn_id": "54de02ea-b483-4ced-b9cf-0541230a6355", "phase": "COMMIT", "state": "GLOBAL_COMMIT"}
{"txn_id": "54de02ea-b483-4ced-b9cf-0541230a6355", "phase": "RESULT", "state": "COMMITTED"}
{"action": "simulate_crash_config", "config": {"enabled": true, "crash_point": "after_prepare", "delay_seconds": 15}}
{"txn_id": "a56591f4-68c1-44ae-8f36-39f6a2393a93", "action": "start", "from": "A1001", "to": "B1001", "amount": 50}
{"txn_id": "a56591f4-68c1-44ae-8f36-39f6a2393a93", "phase": "PREPARE", "action": "sending_prepare_to_source"}
{"txn_id": "a56591f4-68c1-44ae-8f36-39f6a2393a93", "phase": "PREPARE", "action": "sending_prepare_to_dest"}
{"txn_id": "a56591f4-68c1-44ae-8f36-39f6a2393a93", "phase": "PREPARE_RESULT", "source_ready": true, "dest_ready": true}
{"txn_id": "a56591f4-68c1-44ae-8f36-39f6a2393a93", "action": "CRASH_SIMULATION", "crash_point": "after_prepare", "message": "Giả lập đứt kết nối. Giao dịch thất bại sau Prepare."}
{"txn_id": "a56591f4-68c1-44ae-8f36-39f6a2393a93", "action": "CRASH_SIMULATION_END", "message": "Đang tiến hành hoàn tiền (Rollback)..."}
{"action": "simulate_crash_config", "config": {"enabled": false, "crash_point": "after_prepare", "delay_seconds": 15}}
{"action": "simulate_crash_config", "config": {"enabled": false, "crash_point": "after_prepare", "delay_seconds": 15}}
{"txn_id": "91524403-8605-407d-b69c-68487637d711", "action": "start", "from": "B1001", "to": "A1001", "amount": 500}
{"txn_id": "91524403-8605-407d-b69c-68487637d711", "phase": "PREPARE", "action": "sending_prepare_to_source"}
{"txn_id": "91524403-8605-407d-b69c-68487637d711", "phase": "PREPARE", "action": "sending_prepare_to_dest"}
{"txn_id": "91524403-8605-407d-b69c-68487637d711", "phase": "PREPARE_RESULT", "source_ready": true, "dest_ready": true}
{"txn_id": "91524403-8605-407d-b69c-68487637d711", "phase": "COMMIT", "state": "GLOBAL_COMMIT"}
{"txn_id": "91524403-8605-407d-b69c-68487637d711", "phase": "RESULT", "state": "COMMITTED"}
{"action": "simulate_crash_config", "config": {"enabled": false, "crash_point": "after_prepare", "delay_seconds": 15}}
{"txn_id": "67954801-7ff4-4fd4-9b5b-6a8f27e12c44", "action": "start", "from": "A1001", "to": "B1001", "amount": 50}
{"txn_id": "67954801-7ff4-4fd4-9b5b-6a8f27e12c44", "phase": "PREPARE", "action": "sending_prepare_to_source"}
{"txn_id": "67954801-7ff4-4fd4-9b5b-6a8f27e12c44", "phase": "PREPARE", "action": "sending_prepare_to_dest"}
{"txn_id": "67954801-7ff4-4fd4-9b5b-6a8f27e12c44", "phase": "PREPARE_RESULT", "source_ready": true, "dest_ready": true}
{"txn_id": "67954801-7ff4-4fd4-9b5b-6a8f27e12c44", "phase": "COMMIT", "state": "GLOBAL_COMMIT"}
{"txn_id": "67954801-7ff4-4fd4-9b5b-6a8f27e12c44", "phase": "RESULT", "state": "COMMITTED"}
{"action": "simulate_crash_config", "config": {"enabled": false, "crash_point": "after_prepare", "delay_seconds": 15}}
{"txn_id": "19eb3189-42fe-464c-b7c4-49dc1ed075da", "action": "start", "from": "B1001", "to": "A1001", "amount": 50}
{"txn_id": "19eb3189-42fe-464c-b7c4-49dc1ed075da", "phase": "PREPARE", "action": "sending_prepare_to_source"}
{"txn_id": "19eb3189-42fe-464c-b7c4-49dc1ed075da", "phase": "PREPARE", "action": "sending_prepare_to_dest"}
{"txn_id": "19eb3189-42fe-464c-b7c4-49dc1ed075da", "phase": "PREPARE_RESULT", "source_ready": true, "dest_ready": true}
{"txn_id": "19eb3189-42fe-464c-b7c4-49dc1ed075da", "phase": "COMMIT", "state": "GLOBAL_COMMIT"}
{"txn_id": "19eb3189-42fe-464c-b7c4-49dc1ed075da", "phase": "RESULT", "state": "COMMITTED"}
{"action": "simulate_crash_config", "config": {"enabled": true, "crash_point": "after_prepare", "delay_seconds": 15}}
{"txn_id": "9bfdcce5-149b-4f7c-a084-0a04dcf21d07", "action": "start", "from": "B1001", "to": "A1001", "amount": 50}
{"txn_id": "9bfdcce5-149b-4f7c-a084-0a04dcf21d07", "phase": "PREPARE", "action": "sending_prepare_to_source"}
{"txn_id": "9bfdcce5-149b-4f7c-a084-0a04dcf21d07", "phase": "PREPARE", "action": "sending_prepare_to_dest"}
{"txn_id": "9bfdcce5-149b-4f7c-a084-0a04dcf21d07", "phase": "PREPARE_RESULT", "source_ready": true, "dest_ready": true}
{"txn_id": "9bfdcce5-149b-4f7c-a084-0a04dcf21d07", "action": "CRASH_SIMULATION", "crash_point": "after_prepare", "message": "Giả lập đứt kết nối. Giao dịch thất bại sau Prepare."}
{"action": "recovery", "txn_id": "9bfdcce5-149b-4f7c-a084-0a04dcf21d07", "bank": "Bank A", "decision": "aborted"}
{"action": "recovery", "txn_id": "9bfdcce5-149b-4f7c-a084-0a04dcf21d07", "bank": "Bank B", "decision": "aborted"}
{"txn_id": "9bfdcce5-149b-4f7c-a084-0a04dcf21d07", "action": "CRASH_SIMULATION_END", "message": "Đang tiến hành hoàn tiền (Rollback)..."}
{"action": "simulate_crash_config", "config": {"enabled": false, "crash_point": "after_prepare", "delay_seconds": 15}}
{"action": "simulate_crash_config", "config": {"enabled": false, "crash_point": "after_prepare", "delay_seconds": 15}}
{"txn_id": "7e2876a7-f0af-4991-9764-723d77729b97", "action": "start", "from": "A1001", "to": "B1001", "amount": 100}
{"txn_id": "7e2876a7-f0af-4991-9764-723d77729b97", "phase": "PREPARE", "action": "sending_prepare_to_source"}
{"txn_id": "7e2876a7-f0af-4991-9764-723d77729b97", "phase": "PREPARE", "action": "sending_prepare_to_dest"}
{"txn_id": "7e2876a7-f0af-4991-9764-723d77729b97", "phase": "PREPARE_RESULT", "source_ready": true, "dest_ready": true}
{"txn_id": "7e2876a7-f0af-4991-9764-723d77729b97", "phase": "COMMIT", "state": "GLOBAL_COMMIT"}
{"txn_id": "7e2876a7-f0af-4991-9764-723d77729b97", "phase": "RESULT", "state": "COMMITTED"}
{"action": "simulate_crash_config", "config": {"enabled": false, "crash_point": "after_prepare", "delay_seconds": 15}}
{"txn_id": "cb933d66-8c14-42cd-b7a7-39bb9fb6abc8", "action": "start", "from": "B1001", "to": "A1001", "amount": 200}
{"txn_id": "cb933d66-8c14-42cd-b7a7-39bb9fb6abc8", "phase": "PREPARE", "action": "sending_prepare_to_source"}
{"txn_id": "cb933d66-8c14-42cd-b7a7-39bb9fb6abc8", "phase": "PREPARE", "action": "sending_prepare_to_dest"}
{"txn_id": "cb933d66-8c14-42cd-b7a7-39bb9fb6abc8", "phase": "PREPARE_RESULT", "source_ready": true, "dest_ready": true}
{"txn_id": "cb933d66-8c14-42cd-b7a7-39bb9fb6abc8", "phase": "COMMIT", "state": "GLOBAL_COMMIT"}
{"txn_id": "cb933d66-8c14-42cd-b7a7-39bb9fb6abc8", "phase": "RESULT", "state": "COMMITTED"}
{"action": "simulate_crash_config", "config": {"enabled": true, "crash_point": "after_prepare", "delay_seconds": 15}}
{"txn_id": "3b772433-da62-4575-a20f-c5a54d97eae8", "action": "start", "from": "A1001", "to": "B1001", "amount": 100}
{"txn_id": "3b772433-da62-4575-a20f-c5a54d97eae8", "phase": "PREPARE", "action": "sending_prepare_to_source"}
{"txn_id": "3b772433-da62-4575-a20f-c5a54d97eae8", "phase": "PREPARE", "action": "sending_prepare_to_dest"}
{"txn_id": "3b772433-da62-4575-a20f-c5a54d97eae8", "phase": "PREPARE_RESULT", "source_ready": true, "dest_ready": true}
{"txn_id": "3b772433-da62-4575-a20f-c5a54d97eae8", "action": "CRASH_SIMULATION", "crash_point": "after_prepare", "message": "Giả lập đứt kết nối. Giao dịch thất bại sau Prepare."}
{"txn_id": "3b772433-da62-4575-a20f-c5a54d97eae8", "action": "CRASH_SIMULATION_END", "message": "Đang tiến hành hoàn tiền (Rollback)..."}
{"action": "simulate_crash_config", "config": {"enabled": false, "crash_point": "after_prepare", "delay_seconds": 15}}
